[debug] [2022-04-03T15:58:41.905Z] ----------------------------------------------------------------------
[debug] [2022-04-03T15:58:41.906Z] Command:       C:\Program Files\nodejs\node.exe C:\Users\Shyam\AppData\Roaming\npm\node_modules\firebase-tools\lib\bin\firebase.js init
[debug] [2022-04-03T15:58:41.907Z] CLI Version:   10.5.0
[debug] [2022-04-03T15:58:41.907Z] Platform:      win32
[debug] [2022-04-03T15:58:41.907Z] Node Version:  v16.13.1
[debug] [2022-04-03T15:58:41.908Z] Time:          Sun Apr 03 2022 21:28:41 GMT+0530 (India Standard Time)
[debug] [2022-04-03T15:58:41.908Z] ----------------------------------------------------------------------
[debug] 
[debug] [2022-04-03T15:58:41.962Z] > command requires scopes: ["email","openid","https://www.googleapis.com/auth/cloudplatformprojects.readonly","https://www.googleapis.com/auth/firebase","https://www.googleapis.com/auth/cloud-platform"]
[debug] [2022-04-03T15:58:41.963Z] > authorizing via signed-in user (meghashyam.g@gmail.com)
[info] 
     ######## #### ########  ######## ########     ###     ######  ########
     ##        ##  ##     ## ##       ##     ##  ##   ##  ##       ##
     ######    ##  ########  ######   ########  #########  ######  ######
     ##        ##  ##    ##  ##       ##     ## ##     ##       ## ##
     ##       #### ##     ## ######## ########  ##     ##  ######  ########

You're about to initialize a Firebase project in this directory:

  C:\PC\TwitterRepo\Twitter_Clone

Before we get started, keep in mind:

  * You are currently outside your home directory
  * You are initializing within an existing Firebase project directory

[info] 
=== Project Setup
[info] 
[info] First, let's associate this project directory with a Firebase project.
[info] You can create multiple project aliases by running firebase use --add, 
[info] but for now we'll just set up a default project.
[info] 
[debug] [2022-04-03T15:58:49.590Z] Using project from CLI flag: twitter-clone
[debug] [2022-04-03T15:58:49.594Z] >>> [apiv2][query] GET https://firebase.googleapis.com/v1beta1/projects/twitter-clone [none]
[debug] [2022-04-03T15:58:50.409Z] <<< [apiv2][status] GET https://firebase.googleapis.com/v1beta1/projects/twitter-clone 403
[debug] [2022-04-03T15:58:50.409Z] <<< [apiv2][body] GET https://firebase.googleapis.com/v1beta1/projects/twitter-clone {"error":{"code":403,"message":"The caller does not have permission","status":"PERMISSION_DENIED"}}
[debug] [2022-04-03T15:58:50.409Z] HTTP Error: 403, The caller does not have permission
[debug] [2022-04-03T15:58:50.991Z] FirebaseError: HTTP Error: 403, The caller does not have permission
    at module.exports (C:\Users\Shyam\AppData\Roaming\npm\node_modules\firebase-tools\lib\responseToError.js:47:12)
    at RetryOperation._fn (C:\Users\Shyam\AppData\Roaming\npm\node_modules\firebase-tools\lib\apiv2.js:286:39)
    at processTicksAndRejections (node:internal/process/task_queues:96:5)
[error] 
[error] Error: Failed to get Firebase project twitter-clone. Please make sure the project exists and your account has permission to access it.
[debug] [2022-04-03T15:59:17.473Z] ----------------------------------------------------------------------
[debug] [2022-04-03T15:59:17.475Z] Command:       C:\Program Files\nodejs\node.exe C:\Users\Shyam\AppData\Roaming\npm\node_modules\firebase-tools\lib\bin\firebase.js init
[debug] [2022-04-03T15:59:17.476Z] CLI Version:   10.5.0
[debug] [2022-04-03T15:59:17.476Z] Platform:      win32
[debug] [2022-04-03T15:59:17.476Z] Node Version:  v16.13.1
[debug] [2022-04-03T15:59:17.477Z] Time:          Sun Apr 03 2022 21:29:17 GMT+0530 (India Standard Time)
[debug] [2022-04-03T15:59:17.478Z] ----------------------------------------------------------------------
[debug] 
[debug] [2022-04-03T15:59:17.533Z] > command requires scopes: ["email","openid","https://www.googleapis.com/auth/cloudplatformprojects.readonly","https://www.googleapis.com/auth/firebase","https://www.googleapis.com/auth/cloud-platform"]
[debug] [2022-04-03T15:59:17.533Z] > authorizing via signed-in user (meghashyam.g@gmail.com)
[info] 
     ######## #### ########  ######## ########     ###     ######  ########
     ##        ##  ##     ## ##       ##     ##  ##   ##  ##       ##
     ######    ##  ########  ######   ########  #########  ######  ######
     ##        ##  ##    ##  ##       ##     ## ##     ##       ## ##
     ##       #### ##     ## ######## ########  ##     ##  ######  ########

You're about to initialize a Firebase project in this directory:

  C:\PC\TwitterRepo\Twitter_Clone

Before we get started, keep in mind:

  * You are currently outside your home directory
  * You are initializing within an existing Firebase project directory

[info] 
=== Project Setup
[info] 
[info] First, let's associate this project directory with a Firebase project.
[info] You can create multiple project aliases by running firebase use --add, 
[info] but for now we'll just set up a default project.
[info] 
[debug] [2022-04-03T15:59:21.998Z] Using project from CLI flag: twitter-clone
[debug] [2022-04-03T15:59:22.000Z] >>> [apiv2][query] GET https://firebase.googleapis.com/v1beta1/projects/twitter-clone [none]
[debug] [2022-04-03T15:59:22.759Z] <<< [apiv2][status] GET https://firebase.googleapis.com/v1beta1/projects/twitter-clone 403
[debug] [2022-04-03T15:59:22.759Z] <<< [apiv2][body] GET https://firebase.googleapis.com/v1beta1/projects/twitter-clone {"error":{"code":403,"message":"The caller does not have permission","status":"PERMISSION_DENIED"}}
[debug] [2022-04-03T15:59:22.759Z] HTTP Error: 403, The caller does not have permission
[debug] [2022-04-03T15:59:23.064Z] FirebaseError: HTTP Error: 403, The caller does not have permission
    at module.exports (C:\Users\Shyam\AppData\Roaming\npm\node_modules\firebase-tools\lib\responseToError.js:47:12)
    at RetryOperation._fn (C:\Users\Shyam\AppData\Roaming\npm\node_modules\firebase-tools\lib\apiv2.js:286:39)
    at processTicksAndRejections (node:internal/process/task_queues:96:5)
[error] 
[error] Error: Failed to get Firebase project twitter-clone. Please make sure the project exists and your account has permission to access it.
